Error: Endpoint tidak ditemukan
TypeError: Cannot read properties of undefined (reading 'username')
TypeError: Cannot read properties of undefined (reading 'username')
TypeError: Cannot read properties of undefined (reading 'username')
SyntaxError: Expected ',' or '}' after property value in JSON at position 60 (line 3 column 26)
PrismaClientKnownRequestError: 
Invalid `this.db.user.findFirst()` invocation in
/Users/agungardhiyanda/Documents/GitHub/rental-books-backend/src/api/user/user.services.ts:47:37

  44 //Register
  45 async register(registerData: any) {
  46   //Before user register, the function will check first if the user is exist
→ 47   const user = await this.db.user.findFirst(
The table `user` does not exist in the current database.
SyntaxError: "[object Object]" is not valid JSON
SyntaxError: "[object Object]" is not valid JSON
SyntaxError: "[object Object]" is not valid JSON
SyntaxError: "[object Object]" is not valid JSON
SyntaxError: "[object Object]" is not valid JSON
SyntaxError: "[object Object]" is not valid JSON
SyntaxError: "[object Object]" is not valid JSON
SyntaxError: "[object Object]" is not valid JSON
SyntaxError: "[object Object]" is not valid JSON
SyntaxError: "[object Object]" is not valid JSON
SyntaxError: "[object Object]" is not valid JSON
SyntaxError: "[object Object]" is not valid JSON
SyntaxError: "[object Object]" is not valid JSON
PrismaClientKnownRequestError: 
Invalid `this.db.user.findFirst()` invocation in
/Users/agungardhiyanda/Documents/GitHub/rental-books-backend/src/api/user/user.services.ts:47:37

  44 //Register
  45 async register(registerData: UserRegisterProps) {
  46   //Before user register, the function will check first if the user is exist
→ 47   const user = await this.db.user.findFirst(
The table `user` does not exist in the current database.
PrismaClientKnownRequestError: 
Invalid `this.db.user.findFirst()` invocation in
/Users/agungardhiyanda/Documents/GitHub/rental-books-backend/src/api/user/user.services.ts:47:37

  44 //Register
  45 async register(registerData: UserRegisterProps) {
  46   //Before user register, the function will check first if the user is exist
→ 47   const user = await this.db.user.findFirst(
The table `user` does not exist in the current database.
Error: Endpoint tidak ditemukan
Error: Endpoint tidak ditemukan
Error: Endpoint tidak ditemukan
Error: Endpoint tidak ditemukan
Error: Endpoint tidak ditemukan
PrismaClientKnownRequestError: 
Invalid `this.db.booksCategory.update()` invocation in
/Users/agungardhiyanda/Documents/GitHub/rental-books-backend/src/api/books/category.service.ts:70:33

  67   throw new HttpException(404, "Category not found");
  68 }
  69 
→ 70 await this.db.booksCategory.update(
An operation failed because it depends on one or more records that were required but not found. Record to update not found.
